example/build/app/intermediates/manifest_merge_blame_file/debug/manifest-merger-blame-debug-report.txt
1<?xml version="1.0" encoding="utf-8"?>
2<manifest xmlns:android="http://schemas.android.com/apk/res/android"
3    package="xyz.luan.audioplayers.example"
4    android:versionCode="1"
5    android:versionName="1.0" >
6
7    <uses-sdk
8        android:minSdkVersion="19"
9        android:targetSdkVersion="33" />
10    <!--
11         The INTERNET permission is required for development. Specifically,
12         the Flutter tool needs it to communicate with the running application
13         to allow setting breakpoints, to provide hot reload, etc.
14    -->
15    <uses-permission android:name="android.permission.INTERNET" />
15-->src\main\AndroidManifest.xml:3:4-65
15-->src\main\AndroidManifest.xml:3:21-63
16    <uses-permission android:name="android.permission.WAKE_LOCK" />
16-->src\main\AndroidManifest.xml:4:4-67
16-->src\main\AndroidManifest.xml:4:21-64
17    <uses-permission android:name="android.permission.MODIFY_AUDIO_SETTINGS" />
17-->src\main\AndroidManifest.xml:5:4-79
17-->src\main\AndroidManifest.xml:5:21-76
18    <uses-permission android:name="android.permission.READ_EXTERNAL_STORAGE" />
18-->[:file_picker] AndroidManifest.xml:9:5-80
18-->[:file_picker] AndroidManifest.xml:9:22-77
19
20    <queries>
20-->[:file_picker] AndroidManifest.xml:11:5-17:15
21        <intent>
21-->[:file_picker] AndroidManifest.xml:12:9-16:18
22            <action android:name="android.intent.action.GET_CONTENT" />
22-->[:file_picker] AndroidManifest.xml:13:13-72
22-->[:file_picker] AndroidManifest.xml:13:21-69
23
24            <data android:mimeType="*/*" />
24-->[:file_picker] AndroidManifest.xml:15:13-44
24-->[:file_picker] AndroidManifest.xml:15:19-41
25        </intent>
26    </queries>
27
28    <permission
28-->[androidx.core:core:1.9.0] AndroidManifest.xml:22:5-24:47
29        android:name="xyz.luan.audioplayers.example.DYNAMIC_RECEIVER_NOT_EXPORTED_PERMISSION"
29-->[androidx.core:core:1.9.0] AndroidManifest.xml:23:9-81
30        android:protectionLevel="signature" />
30-->[androidx.core:core:1.9.0] AndroidManifest.xml:24:9-44
31
32    <uses-permission android:name="xyz.luan.audioplayers.example.DYNAMIC_RECEIVER_NOT_EXPORTED_PERMISSION" />
32-->[androidx.core:core:1.9.0] AndroidManifest.xml:26:5-97
32-->[androidx.core:core:1.9.0] AndroidManifest.xml:26:22-94
33
34    <application
35        android:name="android.app.Application"
36        android:appComponentFactory="androidx.core.app.CoreComponentFactory"
36-->[androidx.core:core:1.9.0] AndroidManifest.xml:28:18-86
37        android:debuggable="true"
38        android:icon="@mipmap/ic_launcher"
39        android:label="AP Example"
40        android:usesCleartextTraffic="true" >
41        <activity
42            android:name="xyz.luan.audioplayers.example.MainActivity"
43            android:configChanges="orientation|keyboardHidden|keyboard|screenSize|smallestScreenSize|locale|layoutDirection|fontScale|screenLayout|density|uiMode"
44            android:exported="true"
45            android:hardwareAccelerated="true"
46            android:launchMode="singleTop"
47            android:theme="@style/LaunchTheme"
48            android:windowSoftInputMode="adjustResize" >
49
50            <!--
51                 Specifies an Android theme to apply to this Activity as soon as
52                 the Android process has started. This theme is visible to the user
53                 while the Flutter UI initializes. After that, this theme continues
54                 to determine the Window background behind the Flutter UI.
55            -->
56            <meta-data
57                android:name="io.flutter.embedding.android.NormalTheme"
58                android:resource="@style/NormalTheme" />
59
60            <intent-filter>
61                <action android:name="android.intent.action.MAIN" />
62
63                <category android:name="android.intent.category.LAUNCHER" />
64            </intent-filter>
65        </activity>
66        <!--
67             Don't delete the meta-data below.
68             This is used by the Flutter tool to generate GeneratedPluginRegistrant.java
69        -->
70        <meta-data
71            android:name="flutterEmbedding"
72            android:value="2" />
73
74        <uses-library
74-->[androidx.window:window:1.0.0-beta04] AndroidManifest.xml:25:9-27:40
75            android:name="androidx.window.extensions"
75-->[androidx.window:window:1.0.0-beta04] AndroidManifest.xml:26:13-54
76            android:required="false" />
76-->[androidx.window:window:1.0.0-beta04] AndroidManifest.xml:27:13-37
77        <uses-library
77-->[androidx.window:window:1.0.0-beta04] AndroidManifest.xml:28:9-30:40
78            android:name="androidx.window.sidecar"
78-->[androidx.window:window:1.0.0-beta04] AndroidManifest.xml:29:13-51
79            android:required="false" />
79-->[androidx.window:window:1.0.0-beta04] AndroidManifest.xml:30:13-37
80    </application>
81
82</manifest>